Content-Type: multipart/alternative;
 boundary="===============4669905905202715369=="
MIME-Version: 1.0
Subject: Password reset on 127.0.0.1:8000
From: webmaster@localhost
To: dezzdadude232@gmail.com
Date: Sat, 27 Jan 2024 16:55:47 -0000
Message-ID: 
 <170637454736.25532.9235407742914942705@LAPTOP-6IEGIKLM.hsd1.la.comcast.net>

--===============4669905905202715369==
Content-Type: text/plain; charset="utf-8"
MIME-Version: 1.0
Content-Transfer-Encoding: 7bit

You're receiving this email because you requested a password reset for your user account at 127.0.0.1:8000.

Please go to the following page and choose a new password:
http://localhost:8080/home/MTc/c1ge4z-15747dee5d61a17171e4d557c1697288
Your username, in case you've forgotten: Arcangell

Thanks for using our site!

The 127.0.0.1:8000 team
--===============4669905905202715369==
Content-Type: text/html; charset="utf-8"
MIME-Version: 1.0
Content-Transfer-Encoding: 7bit

<p>You're receiving this email because you requested a password reset for your user account at 127.0.0.1:8000.</p>

<p>Please go to the following page and choose a new password:</p>
<a href="http://localhost:8080/home/MTc/c1ge4z-15747dee5d61a17171e4d557c1697288">http://localhost:8080/home/MTc/c1ge4z-15747dee5d61a17171e4d557c1697288</a>
<p>Your username, in case you've forgotten: <b>Arcangell</b></p>

<p>Thanks for using our site!</p>

<p>The 127.0.0.1:8000 team</p>
--===============4669905905202715369==--

-------------------------------------------------------------------------------
