Content-Type: multipart/alternative;
 boundary="===============4016225713816443813=="
MIME-Version: 1.0
Subject: Password reset on 127.0.0.1:8000
From: webmaster@localhost
To: dezzdadude22@gmail.com
Date: Thu, 14 Mar 2024 04:32:47 -0000
Message-ID: 
 <171039076730.22440.8597875416523922994@LAPTOP-6IEGIKLM.hsd1.md.comcast.net>

--===============4016225713816443813==
Content-Type: text/plain; charset="utf-8"
MIME-Version: 1.0
Content-Transfer-Encoding: 7bit

You're receiving this email because you requested a password reset for your user account at 127.0.0.1:8000.

Please go to the following page and choose a new password:
http://localhost:8080/home/MQ/c3ujun-a7b2c0503a26d51b44bc72c1778ef600
Your username, in case you've forgotten: varvar

Thanks for using our site!

The 127.0.0.1:8000 team
--===============4016225713816443813==
Content-Type: text/html; charset="utf-8"
MIME-Version: 1.0
Content-Transfer-Encoding: 7bit

<p>You're receiving this email because you requested a password reset for your user account at 127.0.0.1:8000.</p>

<p>Please go to the following page and choose a new password:</p>
<a href="http://localhost:8080/home/MQ/c3ujun-a7b2c0503a26d51b44bc72c1778ef600">http://localhost:8080/home/MQ/c3ujun-a7b2c0503a26d51b44bc72c1778ef600</a>
<p>Your username, in case you've forgotten: <b>varvar</b></p>

<p>Thanks for using our site!</p>

<p>The 127.0.0.1:8000 team</p>
--===============4016225713816443813==--

-------------------------------------------------------------------------------
